This is pdfTeX, Version 3.1415926-2.5-1.40.14 (MiKTeX 2.9) (preloaded format=pdflatex 2015.6.5)  27 AUG 2015 16:03
entering extended mode
**ShrinkBayes.tex
(C:\Users\mark.vdwiel\Desktop\ShrinkBayes\inst\doc\ShrinkBayes.tex
LaTeX2e <2011/06/27>
Babel <v3.8m> and hyphenation patterns for english, afrikaans, ancientgreek, ar
abic, armenian, assamese, basque, bengali, bokmal, bulgarian, catalan, coptic, 
croatian, czech, danish, dutch, esperanto, estonian, farsi, finnish, french, ga
lician, german, german-x-2013-05-26, greek, gujarati, hindi, hungarian, iceland
ic, indonesian, interlingua, irish, italian, kannada, kurmanji, latin, latvian,
 lithuanian, malayalam, marathi, mongolian, mongolianlmc, monogreek, ngerman, n
german-x-2013-05-26, nynorsk, oriya, panjabi, pinyin, polish, portuguese, roman
ian, russian, sanskrit, serbian, slovak, slovenian, spanish, swedish, swissgerm
an, tamil, telugu, turkish, turkmen, ukenglish, ukrainian, uppersorbian, usengl
ishmax, welsh, loaded.
("C:\Program Files (x86)\MiKTeX 2.9\tex\latex\base\article.cls"
Document Class: article 2007/10/19 v1.4h Standard LaTeX document class
("C:\Program Files (x86)\MiKTeX 2.9\tex\latex\base\size11.clo"
File: size11.clo 2007/10/19 v1.4h Standard LaTeX file (size option)
)
\c@part=\count79
\c@section=\count80
\c@subsection=\count81
\c@subsubsection=\count82
\c@paragraph=\count83
\c@subparagraph=\count84
\c@figure=\count85
\c@table=\count86
\abovecaptionskip=\skip41
\belowcaptionskip=\skip42
\bibindent=\dimen102
)
("C:\Program Files (x86)\MiKTeX 2.9\tex\latex\amsmath\amsmath.sty"
Package: amsmath 2013/01/14 v2.14 AMS math features
\@mathmargin=\skip43

For additional information on amsmath, use the `?' option.
("C:\Program Files (x86)\MiKTeX 2.9\tex\latex\amsmath\amstext.sty"
Package: amstext 2000/06/29 v2.01

("C:\Program Files (x86)\MiKTeX 2.9\tex\latex\amsmath\amsgen.sty"
File: amsgen.sty 1999/11/30 v2.0
\@emptytoks=\toks14
\ex@=\dimen103
))
("C:\Program Files (x86)\MiKTeX 2.9\tex\latex\amsmath\amsbsy.sty"
Package: amsbsy 1999/11/29 v1.2d
\pmbraise@=\dimen104
)
("C:\Program Files (x86)\MiKTeX 2.9\tex\latex\amsmath\amsopn.sty"
Package: amsopn 1999/12/14 v2.01 operator names
)
\inf@bad=\count87
LaTeX Info: Redefining \frac on input line 210.
\uproot@=\count88
\leftroot@=\count89
LaTeX Info: Redefining \overline on input line 306.
\classnum@=\count90
\DOTSCASE@=\count91
LaTeX Info: Redefining \ldots on input line 378.
LaTeX Info: Redefining \dots on input line 381.
LaTeX Info: Redefining \cdots on input line 466.
\Mathstrutbox@=\box26
\strutbox@=\box27
\big@size=\dimen105
LaTeX Font Info:    Redeclaring font encoding OML on input line 566.
LaTeX Font Info:    Redeclaring font encoding OMS on input line 567.
\macc@depth=\count92
\c@MaxMatrixCols=\count93
\dotsspace@=\muskip10
\c@parentequation=\count94
\dspbrk@lvl=\count95
\tag@help=\toks15
\row@=\count96
\column@=\count97
\maxfields@=\count98
\andhelp@=\toks16
\eqnshift@=\dimen106
\alignsep@=\dimen107
\tagshift@=\dimen108
\tagwidth@=\dimen109
\totwidth@=\dimen110
\lineht@=\dimen111
\@envbody=\toks17
\multlinegap=\skip44
\multlinetaggap=\skip45
\mathdisplay@stack=\toks18
LaTeX Info: Redefining \[ on input line 2665.
LaTeX Info: Redefining \] on input line 2666.
)
("C:\Program Files (x86)\MiKTeX 2.9\tex\latex\natbib\natbib.sty"
Package: natbib 2010/09/13 8.31b (PWD, AO)
\bibhang=\skip46
\bibsep=\skip47
LaTeX Info: Redefining \cite on input line 694.
\c@NAT@ctr=\count99
)
("C:\Program Files (x86)\MiKTeX 2.9\tex\latex\hyperref\hyperref.sty"
Package: hyperref 2012/11/06 v6.83m Hypertext links for LaTeX

("C:\Program Files (x86)\MiKTeX 2.9\tex\generic\oberdiek\hobsub-hyperref.sty"
Package: hobsub-hyperref 2012/04/25 v1.12 Bundle oberdiek, subset hyperref (HO)


("C:\Program Files (x86)\MiKTeX 2.9\tex\generic\oberdiek\hobsub-generic.sty"
Package: hobsub-generic 2012/04/25 v1.12 Bundle oberdiek, subset generic (HO)
Package: hobsub 2012/04/25 v1.12 Construct package bundles (HO)
Package: infwarerr 2010/04/08 v1.3 Providing info/warning/error messages (HO)
Package: ltxcmds 2011/11/09 v1.22 LaTeX kernel commands for general use (HO)
Package: ifluatex 2010/03/01 v1.3 Provides the ifluatex switch (HO)
Package ifluatex Info: LuaTeX not detected.
Package: ifvtex 2010/03/01 v1.5 Detect VTeX and its facilities (HO)
Package ifvtex Info: VTeX not detected.
Package: intcalc 2007/09/27 v1.1 Expandable calculations with integers (HO)
Package: ifpdf 2011/01/30 v2.3 Provides the ifpdf switch (HO)
Package ifpdf Info: pdfTeX in PDF mode is detected.
Package: etexcmds 2011/02/16 v1.5 Avoid name clashes with e-TeX commands (HO)
Package etexcmds Info: Could not find \expanded.
(etexcmds)             That can mean that you are not using pdfTeX 1.50 or
(etexcmds)             that some package has redefined \expanded.
(etexcmds)             In the latter case, load this package earlier.
Package: kvsetkeys 2012/04/25 v1.16 Key value parser (HO)
Package: kvdefinekeys 2011/04/07 v1.3 Define keys (HO)
Package: pdftexcmds 2011/11/29 v0.20 Utility functions of pdfTeX for LuaTeX (HO
)
Package pdftexcmds Info: LuaTeX not detected.
Package pdftexcmds Info: \pdf@primitive is available.
Package pdftexcmds Info: \pdf@ifprimitive is available.
Package pdftexcmds Info: \pdfdraftmode found.
Package: pdfescape 2011/11/25 v1.13 Implements pdfTeX's escape features (HO)
Package: bigintcalc 2012/04/08 v1.3 Expandable calculations on big integers (HO
)
Package: bitset 2011/01/30 v1.1 Handle bit-vector datatype (HO)
Package: uniquecounter 2011/01/30 v1.2 Provide unlimited unique counter (HO)
)
Package hobsub Info: Skipping package `hobsub' (already loaded).
Package: letltxmacro 2010/09/02 v1.4 Let assignment for LaTeX macros (HO)
Package: hopatch 2011/06/24 v1.1 Wrapper for package hooks (HO)
Package: xcolor-patch 2011/01/30 xcolor patch
Package: atveryend 2011/06/30 v1.8 Hooks at the very end of document (HO)
Package atveryend Info: \enddocument detected (standard20110627).
Package: atbegshi 2011/10/05 v1.16 At begin shipout hook (HO)
Package: refcount 2011/10/16 v3.4 Data extraction from label references (HO)
Package: hycolor 2011/01/30 v1.7 Color options for hyperref/bookmark (HO)
)
("C:\Program Files (x86)\MiKTeX 2.9\tex\latex\graphics\keyval.sty"
Package: keyval 1999/03/16 v1.13 key=value parser (DPC)
\KV@toks@=\toks19
)
("C:\Program Files (x86)\MiKTeX 2.9\tex\generic\ifxetex\ifxetex.sty"
Package: ifxetex 2010/09/12 v0.6 Provides ifxetex conditional
)
("C:\Program Files (x86)\MiKTeX 2.9\tex\latex\oberdiek\auxhook.sty"
Package: auxhook 2011/03/04 v1.3 Hooks for auxiliary files (HO)
)
("C:\Program Files (x86)\MiKTeX 2.9\tex\latex\oberdiek\kvoptions.sty"
Package: kvoptions 2011/06/30 v3.11 Key value format for package options (HO)
)
\@linkdim=\dimen112
\Hy@linkcounter=\count100
\Hy@pagecounter=\count101

("C:\Program Files (x86)\MiKTeX 2.9\tex\latex\hyperref\pd1enc.def"
File: pd1enc.def 2012/11/06 v6.83m Hyperref: PDFDocEncoding definition (HO)
)
\Hy@SavedSpaceFactor=\count102

("C:\Program Files (x86)\MiKTeX 2.9\tex\latex\00miktex\hyperref.cfg"
File: hyperref.cfg 2002/06/06 v1.2 hyperref configuration of TeXLive
)
Package hyperref Info: Hyper figures OFF on input line 4443.
Package hyperref Info: Link nesting OFF on input line 4448.
Package hyperref Info: Hyper index ON on input line 4451.
Package hyperref Info: Plain pages OFF on input line 4458.
Package hyperref Info: Backreferencing OFF on input line 4463.
Package hyperref Info: Implicit mode ON; LaTeX internals redefined.
Package hyperref Info: Bookmarks ON on input line 4688.
\c@Hy@tempcnt=\count103

("C:\Program Files (x86)\MiKTeX 2.9\tex\latex\url\url.sty"
\Urlmuskip=\muskip11
Package: url 2013/09/16  ver 3.4  Verb mode for urls, etc.
)
LaTeX Info: Redefining \url on input line 5041.
\XeTeXLinkMargin=\dimen113
\Fld@menulength=\count104
\Field@Width=\dimen114
\Fld@charsize=\dimen115
Package hyperref Info: Hyper figures OFF on input line 6295.
Package hyperref Info: Link nesting OFF on input line 6300.
Package hyperref Info: Hyper index ON on input line 6303.
Package hyperref Info: backreferencing OFF on input line 6310.
Package hyperref Info: Link coloring OFF on input line 6315.
Package hyperref Info: Link coloring with OCG OFF on input line 6320.
Package hyperref Info: PDF/A mode OFF on input line 6325.
LaTeX Info: Redefining \ref on input line 6365.
LaTeX Info: Redefining \pageref on input line 6369.
\Hy@abspage=\count105
\c@Item=\count106
\c@Hfootnote=\count107
)

Package hyperref Message: Driver (autodetected): hpdftex.

("C:\Program Files (x86)\MiKTeX 2.9\tex\latex\hyperref\hpdftex.def"
File: hpdftex.def 2012/11/06 v6.83m Hyperref driver for pdfTeX
\Fld@listcount=\count108
\c@bookmark@seq@number=\count109

("C:\Program Files (x86)\MiKTeX 2.9\tex\latex\oberdiek\rerunfilecheck.sty"
Package: rerunfilecheck 2011/04/15 v1.7 Rerun checks for auxiliary files (HO)
Package uniquecounter Info: New unique counter `rerunfilecheck' on input line 2
82.
)
\Hy@SectionHShift=\skip48
)
(C:\Users\mark.vdwiel\Desktop\ShrinkBayes\inst\doc\Sweave.sty
Package: Sweave 

("C:\Program Files (x86)\MiKTeX 2.9\tex\latex\base\ifthen.sty"
Package: ifthen 2001/05/26 v1.1c Standard LaTeX ifthen package (DPC)
)
("C:\Program Files (x86)\MiKTeX 2.9\tex\latex\graphics\graphicx.sty"
Package: graphicx 1999/02/16 v1.0f Enhanced LaTeX Graphics (DPC,SPQR)

("C:\Program Files (x86)\MiKTeX 2.9\tex\latex\graphics\graphics.sty"
Package: graphics 2009/02/05 v1.0o Standard LaTeX Graphics (DPC,SPQR)

("C:\Program Files (x86)\MiKTeX 2.9\tex\latex\graphics\trig.sty"
Package: trig 1999/03/16 v1.09 sin cos tan (DPC)
)
("C:\Program Files (x86)\MiKTeX 2.9\tex\latex\00miktex\graphics.cfg"
File: graphics.cfg 2007/01/18 v1.5 graphics configuration of teTeX/TeXLive
)
Package graphics Info: Driver file: pdftex.def on input line 91.

("C:\Program Files (x86)\MiKTeX 2.9\tex\latex\pdftex-def\pdftex.def"
File: pdftex.def 2011/05/27 v0.06d Graphics/color for pdfTeX
\Gread@gobject=\count110
))
\Gin@req@height=\dimen116
\Gin@req@width=\dimen117
)
("C:\Program Files (x86)\MiKTeX 2.9\tex\latex\fancyvrb\fancyvrb.sty"
Package: fancyvrb 2008/02/07

Style option: `fancyvrb' v2.7a, with DG/SPQR fixes, and firstline=lastline fix 
<2008/02/07> (tvz)
\FV@CodeLineNo=\count111
\FV@InFile=\read1
\FV@TabBox=\box28
\c@FancyVerbLine=\count112
\FV@StepNumber=\count113
\FV@OutFile=\write3
)
("C:\Program Files (x86)\MiKTeX 2.9\tex\latex\upquote\upquote.sty"
Package: upquote 2012/04/19 v1.3 upright-quote and grave-accent glyphs in verba
tim
)
("C:\Program Files (x86)\MiKTeX 2.9\tex\latex\base\fontenc.sty"
Package: fontenc 2005/09/27 v1.99g Standard LaTeX package

("C:\Program Files (x86)\MiKTeX 2.9\tex\latex\base\t1enc.def"
File: t1enc.def 2005/09/27 v1.99g Standard LaTeX file
LaTeX Font Info:    Redeclaring font encoding T1 on input line 43.
))
("C:\Program Files (x86)\MiKTeX 2.9\tex\latex\ae\ae.sty"
Package: ae 2001/02/12 1.3 Almost European Computer Modern

("C:\Program Files (x86)\MiKTeX 2.9\tex\latex\base\fontenc.sty"
Package: fontenc 2005/09/27 v1.99g Standard LaTeX package

("C:\Program Files (x86)\MiKTeX 2.9\tex\latex\base\t1enc.def"
File: t1enc.def 2005/09/27 v1.99g Standard LaTeX file
LaTeX Font Info:    Redeclaring font encoding T1 on input line 43.
)
LaTeX Font Info:    Try loading font information for T1+aer on input line 100.

("C:\Program Files (x86)\MiKTeX 2.9\tex\latex\ae\t1aer.fd"
File: t1aer.fd 1997/11/16 Font definitions for T1/aer.
))))
(C:\Users\mark.vdwiel\Desktop\ShrinkBayes\inst\doc\ShrinkBayes.aux)
LaTeX Font Info:    Checking defaults for OML/cmm/m/it on input line 21.
LaTeX Font Info:    ... okay on input line 21.
LaTeX Font Info:    Checking defaults for T1/cmr/m/n on input line 21.
LaTeX Font Info:    ... okay on input line 21.
LaTeX Font Info:    Checking defaults for OT1/cmr/m/n on input line 21.
LaTeX Font Info:    ... okay on input line 21.
LaTeX Font Info:    Checking defaults for OMS/cmsy/m/n on input line 21.
LaTeX Font Info:    ... okay on input line 21.
LaTeX Font Info:    Checking defaults for OMX/cmex/m/n on input line 21.
LaTeX Font Info:    ... okay on input line 21.
LaTeX Font Info:    Checking defaults for U/cmr/m/n on input line 21.
LaTeX Font Info:    ... okay on input line 21.
LaTeX Font Info:    Checking defaults for PD1/pdf/m/n on input line 21.
LaTeX Font Info:    ... okay on input line 21.
\AtBeginShipoutBox=\box29
Package hyperref Info: Link coloring OFF on input line 21.

("C:\Program Files (x86)\MiKTeX 2.9\tex\latex\hyperref\nameref.sty"
Package: nameref 2012/10/27 v2.43 Cross-referencing by name of section

("C:\Program Files (x86)\MiKTeX 2.9\tex\generic\oberdiek\gettitlestring.sty"
Package: gettitlestring 2010/12/03 v1.4 Cleanup title references (HO)
)
\c@section@level=\count114
)
LaTeX Info: Redefining \ref on input line 21.
LaTeX Info: Redefining \pageref on input line 21.
LaTeX Info: Redefining \nameref on input line 21.

(C:\Users\mark.vdwiel\Desktop\ShrinkBayes\inst\doc\ShrinkBayes.out)
(C:\Users\mark.vdwiel\Desktop\ShrinkBayes\inst\doc\ShrinkBayes.out)
\@outlinefile=\write4

("C:\Program Files (x86)\MiKTeX 2.9\tex\context\base\supp-pdf.mkii"
[Loading MPS to PDF converter (version 2006.09.02).]
\scratchcounter=\count115
\scratchdimen=\dimen118
\scratchbox=\box30
\nofMPsegments=\count116
\nofMParguments=\count117
\everyMPshowfont=\toks20
\MPscratchCnt=\count118
\MPscratchDim=\dimen119
\MPnumerator=\count119
\makeMPintoPDFobject=\count120
\everyMPtoPDFconversion=\toks21
)
LaTeX Font Info:    Try loading font information for T1+aett on input line 39.
 ("C:\Program Files (x86)\MiKTeX 2.9\tex\latex\ae\t1aett.fd"
File: t1aett.fd 1997/11/16 Font definitions for T1/aett.
)
(C:\Users\mark.vdwiel\Desktop\ShrinkBayes\inst\doc\ShrinkBayes.toc
Overfull \hbox (3.90875pt too wide) in paragraph at lines 9--9
 [] [][]\T1/aer/bx/n/10.95 Practical con-sid-er-a-tions to guide choices in the
 anal-y-sis work- 
 []


Overfull \hbox (1.60751pt too wide) in paragraph at lines 15--15
 [][] [][]\T1/aer/m/n/10.95 Shape of the non-para-met-ric prior: log-con-cave, 
uni-modal, sym- 
 []

[1

{C:/ProgramData/MiKTeX/2.9/pdftex/config/pdftex.map}])
\tf@toc=\write5

Overfull \hbox (9.30533pt too wide) in paragraph at lines 49--55
\T1/aer/m/n/10.95 high-dimensional -omics data. It ap-plies Em-pri-cal Bayes-ty
pe \T1/aer/m/it/10.95 multi\T1/aer/m/n/10.95 -parameter
 []

LaTeX Font Info:    Try loading font information for OMS+aer on input line 57.
("C:\Program Files (x86)\MiKTeX 2.9\tex\latex\ae\omsaer.fd"
File: omsaer.fd 1999/12/27
)
LaTeX Font Info:    Font shape `OMS/aer/m/n' in size <10.95> not available
(Font)              Font shape `OMS/cmsy/m/n' tried instead on input line 57.
 [2]
Overfull \hbox (12.60071pt too wide) in paragraph at lines 77--79
\T1/aer/m/n/10.95 The sim-u-lated data set is used to il-lus-trate the fol-low-
ing as-pects of ShrinkBayes: 
 []


Overfull \hbox (12.72035pt too wide) in paragraph at lines 85--87
\T1/aer/m/n/10.95 The HT RNAi data set is used to il-lus-trate the fol-low-ing 
as-pects of ShrinkBayes: 
 []

[3]
Overfull \hbox (0.13287pt too wide) in paragraph at lines 126--126
[]\T1/aer/bx/n/14.4 Pre-amble: Ac-count-ing for dif-fer-ent li-brary sizes 
 []

[4] [5] [6]
Overfull \hbox (7.75194pt too wide) in paragraph at lines 262--265
\T1/aer/m/n/10.95 For a fac-tor vari-able with more than 2 lev-els, it per-form
s (marginal)-likelihood-
 []


Overfull \hbox (2.91159pt too wide) in paragraph at lines 267--267
[]\T1/aer/bx/n/14.4 Example 1: Gaus-sian sim-u-la-tion set-ting, 2-group
 []

[7] [8] [9] <ShrinkBayes-023.pdf, id=226, 433.62pt x 433.62pt>
File: ShrinkBayes-023.pdf Graphic file (type pdf)

<use ShrinkBayes-023.pdf>
Package pdftex.def Info: ShrinkBayes-023.pdf used on input line 433.
(pdftex.def)             Requested size: 356.40198pt x 356.41762pt.
 [10] [11 <C:/Users/mark.vdwiel/Desktop/ShrinkBayes/inst/doc/ShrinkBayes-023.pd
f>]
<ShrinkBayes-025.pdf, id=249, 433.62pt x 433.62pt>
File: ShrinkBayes-025.pdf Graphic file (type pdf)
 <use ShrinkBayes-025.pdf>
Package pdftex.def Info: ShrinkBayes-025.pdf used on input line 459.
(pdftex.def)             Requested size: 356.40198pt x 356.41762pt.

[12 <C:/Users/mark.vdwiel/Desktop/ShrinkBayes/inst/doc/ShrinkBayes-025.pdf>]
<ShrinkBayes-030.pdf, id=261, 433.62pt x 433.62pt>
File: ShrinkBayes-030.pdf Graphic file (type pdf)
 <use ShrinkBayes-030.pdf>
Package pdftex.def Info: ShrinkBayes-030.pdf used on input line 512.
(pdftex.def)             Requested size: 356.40198pt x 356.41762pt.

[13] [14 <C:/Users/mark.vdwiel/Desktop/ShrinkBayes/inst/doc/ShrinkBayes-030.pdf
>] [15] [16] [17] [18] <ShrinkBayes-045.pdf, id=294, 433.62pt x 433.62pt>
File: ShrinkBayes-045.pdf Graphic file (type pdf)

<use ShrinkBayes-045.pdf>
Package pdftex.def Info: ShrinkBayes-045.pdf used on input line 764.
(pdftex.def)             Requested size: 356.40198pt x 356.41762pt.
 [19] [20 <C:/Users/mark.vdwiel/Desktop/ShrinkBayes/inst/doc/ShrinkBayes-045.pd
f>]
<ShrinkBayes-049.pdf, id=314, 433.62pt x 433.62pt>
File: ShrinkBayes-049.pdf Graphic file (type pdf)
 <use ShrinkBayes-049.pdf>
Package pdftex.def Info: ShrinkBayes-049.pdf used on input line 820.
(pdftex.def)             Requested size: 356.40198pt x 356.41762pt.

Overfull \hbox (14.03128pt too wide) in paragraph at lines 820--823
[] \T1/aer/m/n/10.95 We
 []

[21] [22 <C:/Users/mark.vdwiel/Desktop/ShrinkBayes/inst/doc/ShrinkBayes-049.pdf
>] <ShrinkBayes-053.pdf, id=331, 433.62pt x 433.62pt>
File: ShrinkBayes-053.pdf Graphic file (type pdf)

<use ShrinkBayes-053.pdf>
Package pdftex.def Info: ShrinkBayes-053.pdf used on input line 873.
(pdftex.def)             Requested size: 356.40198pt x 356.41762pt.
 [23] [24 <C:/Users/mark.vdwiel/Desktop/ShrinkBayes/inst/doc/ShrinkBayes-053.pd
f>] [25] [26] [27] [28]
<ShrinkBayes-069.pdf, id=377, 433.62pt x 433.62pt>
File: ShrinkBayes-069.pdf Graphic file (type pdf)
 <use ShrinkBayes-069.pdf>
Package pdftex.def Info: ShrinkBayes-069.pdf used on input line 1087.
(pdftex.def)             Requested size: 356.40198pt x 356.41762pt.

[29 <C:/Users/mark.vdwiel/Desktop/ShrinkBayes/inst/doc/ShrinkBayes-069.pdf>]
Overfull \hbox (53.016pt too wide) in paragraph at lines 1129--1136
\T1/aer/m/n/10.95 Compute \T1/aer/m/it/10.95 two-sided \T1/aer/m/n/10.95 lo-cal
 fdrs which equals lfdr = $[]\OT1/cmr/m/n/10.95 (\OML/cmm/m/it/10.95 P\OT1/cmr/
m/n/10.95 (\OML/cmm/m/it/10.95 [] \OMS/cmsy/m/n/10.95  []j\OML/cmm/m/it/10.95
 Y\OT1/cmr/m/n/10.95 )\OML/cmm/m/it/10.95 ; P\OT1/cmr/m/n/10.95 (\OML/cmm/m/it/
10.95 [] \OMS/cmsy/m/n/10.95 
 []


Overfull \hbox (4.59518pt too wide) in paragraph at lines 1129--1136
\T1/aer/m/n/10.95 spect to an al-ter-na-tive pos-te-rior null-probability: lfdr
' = $\OML/cmm/m/it/10.95 P\OT1/cmr/m/n/10.95 (\OMS/cmsy/m/n/10.95  []  \OML/cm
m/m/it/10.95 [] \OMS/cmsy/m/n/10.95 
 []

[30] <ShrinkBayes-077.pdf, id=394, 433.62pt x 433.62pt>
File: ShrinkBayes-077.pdf Graphic file (type pdf)

<use ShrinkBayes-077.pdf>
Package pdftex.def Info: ShrinkBayes-077.pdf used on input line 1197.
(pdftex.def)             Requested size: 356.40198pt x 356.41762pt.
 [31] [32 <C:/Users/mark.vdwiel/Desktop/ShrinkBayes/inst/doc/ShrinkBayes-077.pd
f>] [33]
Overfull \hbox (0.42645pt too wide) in paragraph at lines 1246--1254
\T1/aer/m/n/10.95 When the pairs rep-re-sent in-di-vid-u-als, we sug-gest re-pl
ac-ing the (zero-inflated)
 []

[34]
Overfull \hbox (19.09438pt too wide) in paragraph at lines 1287--1308
\T1/aer/m/n/10.95 Bi-no-mial like-li-hood (or zero-inflated ver-sions thereof) 
by set-ting \T1/aett/m/n/10.95 mixtdisp=TRUE\T1/aer/m/n/10.95 .
 []

[35] [36] [37] [38] [39] [40] [41] [42]
(C:\Users\mark.vdwiel\Desktop\ShrinkBayes\inst\doc\ShrinkBayes.bbl [43])
Package atveryend Info: Empty hook `BeforeClearDocument' on input line 1645.

[44]
Package atveryend Info: Empty hook `AfterLastShipout' on input line 1645.
 (C:\Users\mark.vdwiel\Desktop\ShrinkBayes\inst\doc\ShrinkBayes.aux)
Package atveryend Info: Executing hook `AtVeryEndDocument' on input line 1645.
Package atveryend Info: Executing hook `AtEndAfterFileList' on input line 1645.

Package rerunfilecheck Info: File `ShrinkBayes.out' has not changed.
(rerunfilecheck)             Checksum: B4EFC1E5DFC5C18DAFCFDD53A7ADF423;2107.
Package atveryend Info: Empty hook `AtVeryVeryEnd' on input line 1645.
 ) 
Here is how much of TeX's memory you used:
 6828 strings out of 493921
 97640 string characters out of 3144859
 178828 words of memory out of 3000000
 9909 multiletter control sequences out of 15000+200000
 40608 words of font info for 86 fonts, out of 3000000 for 9000
 841 hyphenation exceptions out of 8191
 35i,8n,32p,259b,547s stack positions out of 5000i,500n,10000p,200000b,50000s
<C:/Program Files (x86)/MiKTeX 2.9/fonts/type1/public/amsfonts/cm/cmbx10.pfb>
<C:/Program Files (x86)/MiKTeX 2.9/fonts/type1/public/amsfonts/cm/cmbx12.pfb><C
:/Program Files (x86)/MiKTeX 2.9/fonts/type1/public/amsfonts/cm/cmmi10.pfb><C:/
Program Files (x86)/MiKTeX 2.9/fonts/type1/public/amsfonts/cm/cmr10.pfb><C:/Pro
gram Files (x86)/MiKTeX 2.9/fonts/type1/public/amsfonts/cm/cmr12.pfb><C:/Progra
m Files (x86)/MiKTeX 2.9/fonts/type1/public/amsfonts/cm/cmr6.pfb><C:/Program Fi
les (x86)/MiKTeX 2.9/fonts/type1/public/amsfonts/cm/cmr8.pfb><C:/Program Files 
(x86)/MiKTeX 2.9/fonts/type1/public/amsfonts/cm/cmr9.pfb><C:/Program Files (x86
)/MiKTeX 2.9/fonts/type1/public/amsfonts/cm/cmsltt10.pfb><C:/Program Files (x86
)/MiKTeX 2.9/fonts/type1/public/amsfonts/cm/cmsy10.pfb><C:/Program Files (x86)/
MiKTeX 2.9/fonts/type1/public/amsfonts/cm/cmti10.pfb><C:/Program Files (x86)/Mi
KTeX 2.9/fonts/type1/public/amsfonts/cm/cmtt10.pfb><C:/Program Files (x86)/MiKT
eX 2.9/fonts/type1/public/amsfonts/cm/cmtt12.pfb>
Output written on ShrinkBayes.pdf (44 pages, 390339 bytes).
PDF statistics:
 552 PDF objects out of 1000 (max. 8388607)
 94 named destinations out of 1000 (max. 500000)
 249 words of extra memory for PDF output out of 10000 (max. 10000000)

