\BOOKMARK [1][-]{section.1}{Overview}{}% 1
\BOOKMARK [1][-]{section.2}{Pre-amble: Accounting for different library sizes}{}% 2
\BOOKMARK [1][-]{section.3}{Example 0, Easy Start: ShrinkBayes in one line}{}% 3
\BOOKMARK [1][-]{section.4}{Example 1: Gaussian simulation setting, 2-group setting}{}% 4
\BOOKMARK [2][-]{subsection.4.1}{Workflow}{section.4}% 5
\BOOKMARK [2][-]{subsection.4.2}{Results when using the correct prior}{section.4}% 6
\BOOKMARK [1][-]{section.5}{Example 2: Gaussian setting, HT RNAi data}{}% 7
\BOOKMARK [1][-]{section.6}{Example 3: CAGE data}{}% 8
\BOOKMARK [1][-]{section.7}{Practical considerations to guide choices in the analysis workflow}{}% 9
\BOOKMARK [2][-]{subsection.7.1}{Trying ShrinkBayes on your data}{section.7}% 10
\BOOKMARK [2][-]{subsection.7.2}{To shrink or not to shrink?}{section.7}% 11
\BOOKMARK [2][-]{subsection.7.3}{Paired data}{section.7}% 12
\BOOKMARK [2][-]{subsection.7.4}{Choice of the prior}{section.7}% 13
\BOOKMARK [2][-]{subsection.7.5}{When should I use mixtdisp=TRUE?}{section.7}% 14
\BOOKMARK [2][-]{subsection.7.6}{Shape of the nonparametric prior: logconcave, unimodal, symmetric}{section.7}% 15
\BOOKMARK [2][-]{subsection.7.7}{What threshold to use for testing \(lfdr and BFDR computation\)?}{section.7}% 16
\BOOKMARK [2][-]{subsection.7.8}{How to deal with extremely large data sets?}{section.7}% 17
\BOOKMARK [2][-]{subsection.7.9}{Tips for speeding up computations}{section.7}% 18
\BOOKMARK [1][-]{section.8}{Future topics}{}% 19
\BOOKMARK [1][-]{section.9}{Appendix}{}% 20
\BOOKMARK [2][-]{subsection.9.1}{Code used for generating the simulated data set `datsim'}{section.9}% 21
\BOOKMARK [2][-]{subsection.9.2}{Code for simulated example}{section.9}% 22
\BOOKMARK [2][-]{subsection.9.3}{Code for HTRNAi example}{section.9}% 23
\BOOKMARK [2][-]{subsection.9.4}{Code for CAGE example}{section.9}% 24
\BOOKMARK [2][-]{subsection.9.5}{Code for running ShrinkBayes on very large data sets: simulated example}{section.9}% 25
\BOOKMARK [2][-]{subsection.9.6}{Code used for True FDR in simulation setting}{section.9}% 26
